<?xml version="1.0" encoding="UTF-8"?>
<testsuite name="solution.impl.NaiveSolutionTestCase" tests="1" skipped="0" failures="0" errors="0" timestamp="2020-10-25T14:09:29" hostname="DYSTOPIC" time="165.634">
  <properties/>
  <testcase name="testConcatenationSum100Thousand" classname="solution.impl.NaiveSolutionTestCase" time="165.634"/>
  <system-out><![CDATA[Operation took: 165631 millis.
]]></system-out>
  <system-err><![CDATA[]]></system-err>
</testsuite>
